TN:
SF:server.ts
FNF:0
FNH:0
DA:1,1
DA:2,1
DA:3,1
DA:4,1
DA:5,1
DA:6,1
DA:7,1
DA:8,1
DA:9,1
DA:10,1
DA:11,1
DA:12,1
DA:13,1
DA:14,1
DA:15,1
DA:16,1
DA:17,1
DA:18,1
DA:19,1
DA:20,1
DA:21,1
DA:22,1
DA:23,0
DA:24,0
DA:25,1
DA:26,1
DA:27,1
DA:28,2
DA:29,2
DA:30,2
DA:31,2
DA:32,0
DA:33,0
DA:34,1
DA:35,1
DA:36,1
DA:37,1
DA:38,1
DA:39,1
DA:40,0
DA:41,0
DA:42,1
DA:43,1
DA:44,1
DA:45,2
DA:46,2
DA:47,1
DA:48,1
DA:49,1
DA:50,1
DA:51,1
DA:52,1
DA:53,1
DA:54,1
DA:55,1
DA:56,1
DA:57,1
DA:58,1
DA:59,0
DA:60,0
DA:61,1
DA:62,1
DA:63,1
DA:64,1
DA:65,1
DA:66,1
DA:67,0
DA:68,0
DA:69,1
DA:70,1
DA:71,1
DA:72,2
DA:73,2
DA:74,2
DA:75,0
DA:76,0
DA:77,1
DA:78,1
DA:79,1
DA:80,0
DA:81,0
DA:82,0
DA:83,0
DA:84,0
DA:85,1
DA:86,1
DA:87,1
DA:88,1
DA:89,1
DA:90,1
DA:91,0
DA:92,0
DA:93,1
DA:94,1
DA:95,1
DA:96,1
DA:97,1
DA:98,1
LF:98
LH:79
BRDA:19,0,0,1
BRDA:19,1,0,1
BRDA:22,2,0,0
BRDA:27,3,0,2
BRDA:27,4,0,2
BRDA:31,5,0,0
BRDA:36,6,0,1
BRDA:36,7,0,1
BRDA:39,8,0,0
BRDA:44,9,0,2
BRDA:44,10,0,2
BRDA:46,11,0,1
BRDA:55,12,0,1
BRDA:55,13,0,1
BRDA:58,14,0,0
BRDA:63,15,0,1
BRDA:63,16,0,1
BRDA:66,17,0,0
BRDA:71,18,0,2
BRDA:71,19,0,2
BRDA:74,20,0,0
BRDA:87,21,0,1
BRDA:87,22,0,1
BRDA:90,23,0,0
BRDA:96,24,0,1
BRF:25
BRH:18
end_of_record
TN:
SF:controllers\TipoVeiculoController.ts
FN:7,TipoVeiculoContoller
FN:9,getInstance
FN:16,listarTodos
FN:20,criar
FN:28,editar
FN:39,excluir
FNF:6
FNH:6
FNDA:1,TipoVeiculoContoller
FNDA:1,getInstance
FNDA:1,listarTodos
FNDA:2,criar
FNDA:1,editar
FNDA:2,excluir
DA:1,1
DA:2,1
DA:3,1
DA:4,1
DA:5,1
DA:6,1
DA:7,1
DA:8,1
DA:9,1
DA:10,1
DA:11,1
DA:12,1
DA:13,1
DA:14,1
DA:15,1
DA:16,1
DA:17,1
DA:18,1
DA:19,1
DA:20,1
DA:21,2
DA:22,2
DA:23,2
DA:24,2
DA:25,2
DA:26,2
DA:27,1
DA:28,1
DA:29,1
DA:30,1
DA:31,1
DA:32,1
DA:33,1
DA:34,1
DA:35,1
DA:36,1
DA:37,1
DA:38,1
DA:39,1
DA:40,2
DA:41,2
DA:42,2
DA:43,2
DA:44,2
DA:45,2
DA:46,1
DA:47,1
DA:48,1
LF:48
LH:48
BRDA:7,0,0,1
BRDA:9,1,0,1
BRDA:16,2,0,1
BRDA:20,3,0,2
BRDA:28,4,0,1
BRDA:39,5,0,2
BRF:6
BRH:6
end_of_record
TN:
SF:controllers\VagaController.ts
FN:7,VagaContoller
FN:9,getInstance
FN:16,listarTodas
FN:20,criar
FN:28,ocupar
FN:40,desocupar
FN:53,excluir
FNF:7
FNH:6
FNDA:1,VagaContoller
FNDA:1,getInstance
FNDA:1,listarTodas
FNDA:1,criar
FNDA:2,ocupar
FNDA:0,desocupar
FNDA:1,excluir
DA:1,1
DA:2,1
DA:3,1
DA:4,1
DA:5,1
DA:6,1
DA:7,1
DA:8,1
DA:9,1
DA:10,1
DA:11,1
DA:12,1
DA:13,1
DA:14,1
DA:15,1
DA:16,1
DA:17,1
DA:18,1
DA:19,1
DA:20,1
DA:21,1
DA:22,1
DA:23,1
DA:24,1
DA:25,1
DA:26,1
DA:27,1
DA:28,1
DA:29,2
DA:30,2
DA:31,2
DA:32,2
DA:33,2
DA:34,2
DA:35,2
DA:36,2
DA:37,2
DA:38,2
DA:39,1
DA:40,1
DA:41,0
DA:42,0
DA:43,0
DA:44,0
DA:45,0
DA:46,0
DA:47,0
DA:48,0
DA:49,0
DA:50,0
DA:51,1
DA:52,1
DA:53,1
DA:54,1
DA:55,1
DA:56,1
DA:57,1
DA:58,1
DA:59,1
DA:60,1
DA:61,1
DA:62,1
LF:62
LH:52
BRDA:7,0,0,1
BRDA:9,1,0,1
BRDA:16,2,0,1
BRDA:20,3,0,1
BRDA:28,4,0,2
BRDA:53,5,0,1
BRF:6
BRH:6
end_of_record
